2025-12-16 19:18:19,006 - root (184) - INFO     - MainThread   - Logging to: /media/sz/Data/Veits_pdfs/Data_aggregation/cl-pipeline/run/pipelines/arbeitsbasis/logs/full_2025-12-16_19-18-19.log
2025-12-16 19:18:19,007 - root (53) - INFO     - MainThread   - Starting pipeline
2025-12-16 19:18:19,007 - root (54) - INFO     - MainThread   - Config file: pipelines/arbeitsbasis/config/full.yaml
2025-12-16 19:18:20,097 - root (156) - DEBUG    - MainThread   - Import BaseModel to globals()
2025-12-16 19:18:20,097 - root (156) - DEBUG    - MainThread   - Import Name to globals()
2025-12-16 19:18:20,098 - root (156) - DEBUG    - MainThread   - Import NameChecker to globals()
2025-12-16 19:18:20,098 - root (156) - DEBUG    - MainThread   - Import OllamaLLM to globals()
2025-12-16 19:18:20,098 - root (156) - DEBUG    - MainThread   - Import PromptTemplate to globals()
2025-12-16 19:18:20,104 - root (156) - DEBUG    - MainThread   - Import ProvideDataFolders to globals()
2025-12-16 19:18:20,594 - root (156) - DEBUG    - MainThread   - Import Document to globals()
2025-12-16 19:18:20,595 - root (156) - DEBUG    - MainThread   - Import ExtractFileContent to globals()
2025-12-16 19:18:20,595 - root (156) - DEBUG    - MainThread   - Import PyMuPDFLoader to globals()
2025-12-16 19:18:20,595 - root (156) - DEBUG    - MainThread   - Import UnstructuredExcelLoader to globals()
2025-12-16 19:18:20,595 - root (156) - DEBUG    - MainThread   - Import UnstructuredMarkdownLoader to globals()
2025-12-16 19:18:20,595 - root (156) - DEBUG    - MainThread   - Import UnstructuredPowerPointLoader to globals()
2025-12-16 19:18:20,595 - root (156) - DEBUG    - MainThread   - Import UnstructuredWordDocumentLoader to globals()
2025-12-16 19:18:20,595 - root (156) - DEBUG    - MainThread   - Import tqdm to globals()
2025-12-16 19:18:20,596 - root (156) - DEBUG    - MainThread   - Import FilterFilesByContent to globals()
2025-12-16 19:18:21,021 - root (156) - DEBUG    - MainThread   - Import MetaDataExtraction to globals()
2025-12-16 19:18:21,022 - root (156) - DEBUG    - MainThread   - Import datetime to globals()
2025-12-16 19:18:21,022 - root (156) - DEBUG    - MainThread   - Import mdMetaExtractor to globals()
2025-12-16 19:18:21,022 - root (156) - DEBUG    - MainThread   - Import officeMetaExtractor to globals()
2025-12-16 19:18:21,022 - root (156) - DEBUG    - MainThread   - Import pdfMetaExtractor to globals()
2025-12-16 19:18:21,022 - root (156) - DEBUG    - MainThread   - Import xlsxMetaExtractor to globals()
2025-12-16 19:18:23,116 - root (156) - DEBUG    - MainThread   - Import GNDKeywordCheck to globals()
2025-12-16 19:18:23,144 - root (156) - DEBUG    - MainThread   - Import PromptManager to globals()
2025-12-16 19:18:23,144 - root (156) - DEBUG    - MainThread   - Import WikidataKeywordCheck to globals()
