2025-12-16 03:33:50,846 - root (184) - INFO     - MainThread   - Logging to: /media/sz/Data/Veits_pdfs/Data_aggregation/cl-pipeline/run/pipelines/arbeitsbasis/logs/full_2025-12-16_03-33-50.log
2025-12-16 03:33:50,846 - root (53) - INFO     - MainThread   - Starting pipeline
2025-12-16 03:33:50,846 - root (54) - INFO     - MainThread   - Config file: pipelines/arbeitsbasis/config/full.yaml
2025-12-16 03:33:51,428 - root (156) - DEBUG    - MainThread   - Import BaseModel to globals()
2025-12-16 03:33:51,428 - root (156) - DEBUG    - MainThread   - Import Name to globals()
2025-12-16 03:33:51,428 - root (156) - DEBUG    - MainThread   - Import NameChecker to globals()
2025-12-16 03:33:51,428 - root (156) - DEBUG    - MainThread   - Import OllamaLLM to globals()
2025-12-16 03:33:51,428 - root (156) - DEBUG    - MainThread   - Import PromptTemplate to globals()
2025-12-16 03:33:51,428 - root (156) - DEBUG    - MainThread   - Import ProvideDataFolders to globals()
2025-12-16 03:33:51,733 - root (156) - DEBUG    - MainThread   - Import Document to globals()
2025-12-16 03:33:51,734 - root (156) - DEBUG    - MainThread   - Import ExtractFileContent to globals()
2025-12-16 03:33:51,734 - root (156) - DEBUG    - MainThread   - Import PyMuPDFLoader to globals()
2025-12-16 03:33:51,734 - root (156) - DEBUG    - MainThread   - Import UnstructuredExcelLoader to globals()
2025-12-16 03:33:51,734 - root (156) - DEBUG    - MainThread   - Import UnstructuredMarkdownLoader to globals()
2025-12-16 03:33:51,734 - root (156) - DEBUG    - MainThread   - Import UnstructuredPowerPointLoader to globals()
2025-12-16 03:33:51,734 - root (156) - DEBUG    - MainThread   - Import UnstructuredWordDocumentLoader to globals()
2025-12-16 03:33:51,734 - root (156) - DEBUG    - MainThread   - Import tqdm to globals()
2025-12-16 03:33:51,734 - root (156) - DEBUG    - MainThread   - Import FilterFilesByContent to globals()
2025-12-16 03:33:52,004 - root (156) - DEBUG    - MainThread   - Import MetaDataExtraction to globals()
2025-12-16 03:33:52,004 - root (156) - DEBUG    - MainThread   - Import datetime to globals()
2025-12-16 03:33:52,004 - root (156) - DEBUG    - MainThread   - Import mdMetaExtractor to globals()
2025-12-16 03:33:52,004 - root (156) - DEBUG    - MainThread   - Import officeMetaExtractor to globals()
2025-12-16 03:33:52,004 - root (156) - DEBUG    - MainThread   - Import pdfMetaExtractor to globals()
2025-12-16 03:33:52,004 - root (156) - DEBUG    - MainThread   - Import xlsxMetaExtractor to globals()
2025-12-16 03:33:53,574 - root (156) - DEBUG    - MainThread   - Import GNDKeywordCheck to globals()
2025-12-16 03:33:53,590 - root (156) - DEBUG    - MainThread   - Import PromptManager to globals()
2025-12-16 03:33:53,590 - root (156) - DEBUG    - MainThread   - Import WikidataKeywordCheck to globals()
